Analysis log file: logs/analysis_20250911_172829.log
To follow logs live, run in terminal:
tail -f 'logs/analysis_20250911_172829.log'
2025-09-11 17:28:29 | INFO     | analysis | 144908148:79 | Analysis logging initialized.
['runner.py', 'analysis.ipynb', 'README.md', 'cli.py', 'exp_integration.py', 'configs', 'demos', '__pycache__', 'results', 'analysis.py', 'untruncated_output_logging.ipynb', 'tests', 'grid_runner.py', 'logs', 'utils', 'results_parquet']
Found 16 grid id partitions
2025-09-11 17:28:30 | DEBUG    | matplotlib | __init__:342 | matplotlib data path: /workspaces/unlearning-research-meta/.venv/lib/python3.11/site-packages/matplotlib/mpl-data
2025-09-11 17:28:30 | DEBUG    | matplotlib | __init__:342 | CONFIGDIR=/home/vscode/.config/matplotlib
2025-09-11 17:28:30 | DEBUG    | matplotlib | __init__:1560 | interactive is False
2025-09-11 17:28:30 | DEBUG    | matplotlib | __init__:1561 | platform is linux
2025-09-11 17:28:30 | DEBUG    | matplotlib | __init__:342 | CACHEDIR=/home/vscode/.cache/matplotlib
2025-09-11 17:28:30 | DEBUG    | matplotlib.font_manager | font_manager:1635 | Using fontManager instance from /home/vscode/.cache/matplotlib/fontlist-v390.json
Columns available: ['C_hat_1', 'D_hat', 'G_hat', 'N_gamma', 'PT_target_residual', 'P_T', 'P_T_est', 'P_T_true', 'ST_running', 'ST_target_residual', 'S_scalar', 'acc', 'accountant', 'accountant_type', 'avg_regret', 'avg_regret_with_noise', 'base_eta_t', 'c_hat', 'capacity_remaining', 'clip_applied', 'comparator_type', 'cum_regret', 'cum_regret_with_noise', 'd_norm', 'deletion_capacity', 'delta_P', 'delta_step_theory', 'delta_total', 'drift_boost_remaining', 'drift_flag', 'eps_remaining', 'eps_spent', 'eps_step_theory', 'eta_t', 'event', 'event_id', 'event_type', 'g_norm', 'grid_id', 'lambda_est', 'lambda_raw', 'm_capacity', 'm_used', 'noise', 'noise_regret_cum', 'noise_regret_increment', 'op', 'pair_admitted', 'pair_damped', 'path_regret_increment', 'privacy_spend_running', 'regret', 'regret_dynamic', 'regret_increment', 'regret_path_term', 'regret_static_term', 'rho_remaining', 'rho_spent', 'rho_step', 'rho_total', 'sample_id', 'sc_active', 'sc_stable', 'seed', 'segment_id', 'sens_delete', 'sigma_delete', 'sigma_step', 'sigma_step_theory', 'static_regret_increment', 'stepsize_params', 'stepsize_policy', 'theory_targets', 'w_star_norm', 'x_norm']
2025-09-11 17:28:31 | DEBUG    | matplotlib.pyplot | pyplot:497 | Loaded backend module://matplotlib_inline.backend_inline version unknown.
2025-09-11 17:28:31 | DEBUG    | matplotlib.pyplot | pyplot:497 | Loaded backend module://matplotlib_inline.backend_inline version unknown.
2025-09-11 17:28:31 | DEBUG    | matplotlib.font_manager | font_manager:1471 | findfont: Matching sans\-serif:style=normal:variant=normal:weight=normal:stretch=normal:size=12.0.
2025-09-11 17:28:31 | DEBUG    | matplotlib.font_manager | font_manager:1483 | findfont: score(FontEntry(fname='/workspaces/unlearning-research-meta/.venv/lib/python3.11/site-packages/matplotlib/mpl-data/fonts/ttf/STIXGeneral.ttf', name='STIXGeneral', style='normal', variant='normal', weight=400, stretch='normal', size='scalable')) = 10.05
2025-09-11 17:28:31 | DEBUG    | matplotlib.font_manager | font_manager:1483 | findfont: score(FontEntry(fname='/workspaces/unlearning-research-meta/.venv/lib/python3.11/site-packages/matplotlib/mpl-data/fonts/ttf/DejaVuSans-Bold.ttf', name='DejaVu Sans', style='normal', variant='normal', weight=700, stretch='normal', size='scalable')) = 2.335
2025-09-11 17:28:31 | DEBUG    | matplotlib.font_manager | font_manager:1483 | findfont: score(FontEntry(fname='/workspaces/unlearning-research-meta/.venv/lib/python3.11/site-packages/matplotlib/mpl-data/fonts/ttf/STIXSizThreeSymBol.ttf', name='STIXSizeThreeSym', style='normal', variant='normal', weight=700, stretch='normal', size='scalable')) = 10.335
2025-09-11 17:28:31 | DEBUG    | matplotlib.font_manager | font_manager:1483 | findfont: score(FontEntry(fname='/workspaces/unlearning-research-meta/.venv/lib/python3.11/site-packages/matplotlib/mpl-data/fonts/ttf/STIXGeneralItalic.ttf', name='STIXGeneral', style='italic', variant='normal', weight=400, stretch='normal', size='scalable')) = 11.05
2025-09-11 17:28:31 | DEBUG    | matplotlib.font_manager | font_manager:1483 | findfont: score(FontEntry(fname='/workspaces/unlearning-research-meta/.venv/lib/python3.11/site-packages/matplotlib/mpl-data/fonts/ttf/DejaVuSerif-Italic.ttf', name='DejaVu Serif', style='italic', variant='normal', weight=400, stretch='normal', size='scalable')) = 11.05
2025-09-11 17:28:31 | DEBUG    | matplotlib.font_manager | font_manager:1483 | findfont: score(FontEntry(fname='/workspaces/unlearning-research-meta/.venv/lib/python3.11/site-packages/matplotlib/mpl-data/fonts/ttf/STIXNonUniBol.ttf', name='STIXNonUnicode', style='normal', variant='normal', weight=700, stretch='normal', size='scalable')) = 10.335
2025-09-11 17:28:31 | DEBUG    | matplotlib.font_manager | font_manager:1483 | findfont: score(FontEntry(fname='/workspaces/unlearning-research-meta/.venv/lib/python3.11/site-packages/matplotlib/mpl-data/fonts/ttf/STIXSizTwoSymReg.ttf', name='STIXSizeTwoSym', style='normal', variant='normal', weight=400, stretch='normal', size='scalable')) = 10.05
2025-09-11 17:28:31 | DEBUG    | matplotlib.font_manager | font_manager:1483 | findfont: score(FontEntry(fname='/workspaces/unlearning-research-meta/.venv/lib/python3.11/site-packages/matplotlib/mpl-data/fonts/ttf/STIXNonUni.ttf', name='STIXNonUnicode', style='normal', variant='normal', weight=400, stretch='normal', size='scalable')) = 10.05
2025-09-11 17:28:31 | DEBUG    | matplotlib.font_manager | font_manager:1483 | findfont: score(FontEntry(fname='/workspaces/unlearning-research-meta/.venv/lib/python3.11/site-packages/matplotlib/mpl-data/fonts/ttf/STIXGeneralBol.ttf', name='STIXGeneral', style='normal', variant='normal', weight=700, stretch='normal', size='scalable')) = 10.335
2025-09-11 17:28:31 | DEBUG    | matplotlib.font_manager | font_manager:1483 | findfont: score(FontEntry(fname='/workspaces/unlearning-research-meta/.venv/lib/python3.11/site-packages/matplotlib/mpl-data/fonts/ttf/STIXSizFiveSymReg.ttf', name='STIXSizeFiveSym', style='normal', variant='normal', weight=400, stretch='normal', size='scalable')) = 10.05
2025-09-11 17:28:31 | DEBUG    | matplotlib.font_manager | font_manager:1483 | findfont: score(FontEntry(fname='/workspaces/unlearning-research-meta/.venv/lib/python3.11/site-packages/matplotlib/mpl-data/fonts/ttf/DejaVuSansMono-Oblique.ttf', name='DejaVu Sans Mono', style='oblique', variant='normal', weight=400, stretch='normal', size='scalable')) = 11.05
2025-09-11 17:28:31 | DEBUG    | matplotlib.font_manager | font_manager:1483 | findfont: score(FontEntry(fname='/workspaces/unlearning-research-meta/.venv/lib/python3.11/site-packages/matplotlib/mpl-data/fonts/ttf/DejaVuSansMono-BoldOblique.ttf', name='DejaVu Sans Mono', style='oblique', variant='normal', weight=700, stretch='normal', size='scalable')) = 11.335
2025-09-11 17:28:31 | DEBUG    | matplotlib.font_manager | font_manager:1483 | findfont: score(FontEntry(fname='/workspaces/unlearning-research-meta/.venv/lib/python3.11/site-packages/matplotlib/mpl-data/fonts/ttf/DejaVuSerif.ttf', name='DejaVu Serif', style='normal', variant='normal', weight=400, stretch='normal', size='scalable')) = 10.05
2025-09-11 17:28:31 | DEBUG    | matplotlib.font_manager | font_manager:1483 | findfont: score(FontEntry(fname='/workspaces/unlearning-research-meta/.venv/lib/python3.11/site-packages/matplotlib/mpl-data/fonts/ttf/cmb10.ttf', name='cmb10', style='normal', variant='normal', weight=400, stretch='normal', size='scalable')) = 10.05
2025-09-11 17:28:31 | DEBUG    | matplotlib.font_manager | font_manager:1483 | findfont: score(FontEntry(fname='/workspaces/unlearning-research-meta/.venv/lib/python3.11/site-packages/matplotlib/mpl-data/fonts/ttf/STIXGeneralBolIta.ttf', name='STIXGeneral', style='italic', variant='normal', weight=700, stretch='normal', size='scalable')) = 11.335
2025-09-11 17:28:31 | DEBUG    | matplotlib.font_manager | font_manager:1483 | findfont: score(FontEntry(fname='/workspaces/unlearning-research-meta/.venv/lib/python3.11/site-packages/matplotlib/mpl-data/fonts/ttf/DejaVuSans.ttf', name='DejaVu Sans', style='normal', variant='normal', weight=400, stretch='normal', size='scalable')) = 2.05
2025-09-11 17:28:31 | DEBUG    | matplotlib.font_manager | font_manager:1483 | findfont: score(FontEntry(fname='/workspaces/unlearning-research-meta/.venv/lib/python3.11/site-packages/matplotlib/mpl-data/fonts/ttf/STIXSizOneSymBol.ttf', name='STIXSizeOneSym', style='normal', variant='normal', weight=700, stretch='normal', size='scalable')) = 10.335
2025-09-11 17:28:31 | DEBUG    | matplotlib.font_manager | font_manager:1483 | findfont: score(FontEntry(fname='/workspaces/unlearning-research-meta/.venv/lib/python3.11/site-packages/matplotlib/mpl-data/fonts/ttf/cmmi10.ttf', name='cmmi10', style='normal', variant='normal', weight=400, stretch='normal', size='scalable')) = 10.05
2025-09-11 17:28:31 | DEBUG    | matplotlib.font_manager | font_manager:1483 | findfont: score(FontEntry(fname='/workspaces/unlearning-research-meta/.venv/lib/python3.11/site-packages/matplotlib/mpl-data/fonts/ttf/STIXSizOneSymReg.ttf', name='STIXSizeOneSym', style='normal', variant='normal', weight=400, stretch='normal', size='scalable')) = 10.05
2025-09-11 17:28:31 | DEBUG    | matplotlib.font_manager | font_manager:1483 | findfont: score(FontEntry(fname='/workspaces/unlearning-research-meta/.venv/lib/python3.11/site-packages/matplotlib/mpl-data/fonts/ttf/STIXSizTwoSymBol.ttf', name='STIXSizeTwoSym', style='normal', variant='normal', weight=700, stretch='normal', size='scalable')) = 10.335
2025-09-11 17:28:31 | DEBUG    | matplotlib.font_manager | font_manager:1483 | findfont: score(FontEntry(fname='/workspaces/unlearning-research-meta/.venv/lib/python3.11/site-packages/matplotlib/mpl-data/fonts/ttf/DejaVuSans-BoldOblique.ttf', name='DejaVu Sans', style='oblique', variant='normal', weight=700, stretch='normal', size='scalable')) = 3.335
2025-09-11 17:28:31 | DEBUG    | matplotlib.font_manager | font_manager:1483 | findfont: score(FontEntry(fname='/workspaces/unlearning-research-meta/.venv/lib/python3.11/site-packages/matplotlib/mpl-data/fonts/ttf/STIXSizFourSymReg.ttf', name='STIXSizeFourSym', style='normal', variant='normal', weight=400, stretch='normal', size='scalable')) = 10.05
2025-09-11 17:28:31 | DEBUG    | matplotlib.font_manager | font_manager:1483 | findfont: score(FontEntry(fname='/workspaces/unlearning-research-meta/.venv/lib/python3.11/site-packages/matplotlib/mpl-data/fonts/ttf/STIXSizFourSymBol.ttf', name='STIXSizeFourSym', style='normal', variant='normal', weight=700, stretch='normal', size='scalable')) = 10.335
2025-09-11 17:28:31 | DEBUG    | matplotlib.font_manager | font_manager:1483 | findfont: score(FontEntry(fname='/workspaces/unlearning-research-meta/.venv/lib/python3.11/site-packages/matplotlib/mpl-data/fonts/ttf/cmex10.ttf', name='cmex10', style='normal', variant='normal', weight=400, stretch='normal', size='scalable')) = 10.05
2025-09-11 17:28:31 | DEBUG    | matplotlib.font_manager | font_manager:1483 | findfont: score(FontEntry(fname='/workspaces/unlearning-research-meta/.venv/lib/python3.11/site-packages/matplotlib/mpl-data/fonts/ttf/DejaVuSansMono.ttf', name='DejaVu Sans Mono', style='normal', variant='normal', weight=400, stretch='normal', size='scalable')) = 10.05
2025-09-11 17:28:31 | DEBUG    | matplotlib.font_manager | font_manager:1483 | findfont: score(FontEntry(fname='/workspaces/unlearning-research-meta/.venv/lib/python3.11/site-packages/matplotlib/mpl-data/fonts/ttf/DejaVuSerifDisplay.ttf', name='DejaVu Serif Display', style='normal', variant='normal', weight=400, stretch='normal', size='scalable')) = 10.05
2025-09-11 17:28:31 | DEBUG    | matplotlib.font_manager | font_manager:1483 | findfont: score(FontEntry(fname='/workspaces/unlearning-research-meta/.venv/lib/python3.11/site-packages/matplotlib/mpl-data/fonts/ttf/DejaVuSansMono-Bold.ttf', name='DejaVu Sans Mono', style='normal', variant='normal', weight=700, stretch='normal', size='scalable')) = 10.335
2025-09-11 17:28:31 | DEBUG    | matplotlib.font_manager | font_manager:1483 | findfont: score(FontEntry(fname='/workspaces/unlearning-research-meta/.venv/lib/python3.11/site-packages/matplotlib/mpl-data/fonts/ttf/cmtt10.ttf', name='cmtt10', style='normal', variant='normal', weight=400, stretch='normal', size='scalable')) = 10.05
2025-09-11 17:28:31 | DEBUG    | matplotlib.font_manager | font_manager:1483 | findfont: score(FontEntry(fname='/workspaces/unlearning-research-meta/.venv/lib/python3.11/site-packages/matplotlib/mpl-data/fonts/ttf/cmsy10.ttf', name='cmsy10', style='normal', variant='normal', weight=400, stretch='normal', size='scalable')) = 10.05
2025-09-11 17:28:31 | DEBUG    | matplotlib.font_manager | font_manager:1483 | findfont: score(FontEntry(fname='/workspaces/unlearning-research-meta/.venv/lib/python3.11/site-packages/matplotlib/mpl-data/fonts/ttf/DejaVuSans-Oblique.ttf', name='DejaVu Sans', style='oblique', variant='normal', weight=400, stretch='normal', size='scalable')) = 3.05
2025-09-11 17:28:31 | DEBUG    | matplotlib.font_manager | font_manager:1483 | findfont: score(FontEntry(fname='/workspaces/unlearning-research-meta/.venv/lib/python3.11/site-packages/matplotlib/mpl-data/fonts/ttf/STIXNonUniIta.ttf', name='STIXNonUnicode', style='italic', variant='normal', weight=400, stretch='normal', size='scalable')) = 11.05
2025-09-11 17:28:31 | DEBUG    | matplotlib.font_manager | font_manager:1483 | findfont: score(FontEntry(fname='/workspaces/unlearning-research-meta/.venv/lib/python3.11/site-packages/matplotlib/mpl-data/fonts/ttf/DejaVuSansDisplay.ttf', name='DejaVu Sans Display', style='normal', variant='normal', weight=400, stretch='normal', size='scalable')) = 10.05
2025-09-11 17:28:31 | DEBUG    | matplotlib.font_manager | font_manager:1483 | findfont: score(FontEntry(fname='/workspaces/unlearning-research-meta/.venv/lib/python3.11/site-packages/matplotlib/mpl-data/fonts/ttf/DejaVuSerif-BoldItalic.ttf', name='DejaVu Serif', style='italic', variant='normal', weight=700, stretch='normal', size='scalable')) = 11.335
2025-09-11 17:28:31 | DEBUG    | matplotlib.font_manager | font_manager:1483 | findfont: score(FontEntry(fname='/workspaces/unlearning-research-meta/.venv/lib/python3.11/site-packages/matplotlib/mpl-data/fonts/ttf/DejaVuSerif-Bold.ttf', name='DejaVu Serif', style='normal', variant='normal', weight=700, stretch='normal', size='scalable')) = 10.335
2025-09-11 17:28:31 | DEBUG    | matplotlib.font_manager | font_manager:1483 | findfont: score(FontEntry(fname='/workspaces/unlearning-research-meta/.venv/lib/python3.11/site-packages/matplotlib/mpl-data/fonts/ttf/cmss10.ttf', name='cmss10', style='normal', variant='normal', weight=400, stretch='normal', size='scalable')) = 10.05
2025-09-11 17:28:31 | DEBUG    | matplotlib.font_manager | font_manager:1483 | findfont: score(FontEntry(fname='/workspaces/unlearning-research-meta/.venv/lib/python3.11/site-packages/matplotlib/mpl-data/fonts/ttf/STIXNonUniBolIta.ttf', name='STIXNonUnicode', style='italic', variant='normal', weight=700, stretch='normal', size='scalable')) = 11.335
2025-09-11 17:28:31 | DEBUG    | matplotlib.font_manager | font_manager:1483 | findfont: score(FontEntry(fname='/workspaces/unlearning-research-meta/.venv/lib/python3.11/site-packages/matplotlib/mpl-data/fonts/ttf/STIXSizThreeSymReg.ttf', name='STIXSizeThreeSym', style='normal', variant='normal', weight=400, stretch='normal', size='scalable')) = 10.05
2025-09-11 17:28:31 | DEBUG    | matplotlib.font_manager | font_manager:1483 | findfont: score(FontEntry(fname='/workspaces/unlearning-research-meta/.venv/lib/python3.11/site-packages/matplotlib/mpl-data/fonts/ttf/cmr10.ttf', name='cmr10', style='normal', variant='normal', weight=400, stretch='normal', size='scalable')) = 10.05
2025-09-11 17:28:31 | DEBUG    | matplotlib.font_manager | font_manager:1483 | findfont: score(FontEntry(fname='/usr/share/fonts/truetype/dejavu/DejaVuSans-Bold.ttf', name='DejaVu Sans', style='normal', variant='normal', weight=700, stretch='normal', size='scalable')) = 2.335
2025-09-11 17:28:31 | DEBUG    | matplotlib.font_manager | font_manager:1483 | findfont: score(FontEntry(fname='/usr/share/fonts/truetype/dejavu/DejaVuSansMono.ttf', name='DejaVu Sans Mono', style='normal', variant='normal', weight=400, stretch='normal', size='scalable')) = 10.05
2025-09-11 17:28:31 | DEBUG    | matplotlib.font_manager | font_manager:1483 | findfont: score(FontEntry(fname='/usr/share/fonts/truetype/dejavu/DejaVuSerif-Bold.ttf', name='DejaVu Serif', style='normal', variant='normal', weight=700, stretch='normal', size='scalable')) = 10.335
2025-09-11 17:28:31 | DEBUG    | matplotlib.font_manager | font_manager:1483 | findfont: score(FontEntry(fname='/usr/share/fonts/truetype/dejavu/DejaVuSerif.ttf', name='DejaVu Serif', style='normal', variant='normal', weight=400, stretch='normal', size='scalable')) = 10.05
2025-09-11 17:28:31 | DEBUG    | matplotlib.font_manager | font_manager:1483 | findfont: score(FontEntry(fname='/usr/share/fonts/truetype/dejavu/DejaVuSansMono-Bold.ttf', name='DejaVu Sans Mono', style='normal', variant='normal', weight=700, stretch='normal', size='scalable')) = 10.335
2025-09-11 17:28:31 | DEBUG    | matplotlib.font_manager | font_manager:1483 | findfont: score(FontEntry(fname='/usr/share/fonts/truetype/dejavu/DejaVuSans.ttf', name='DejaVu Sans', style='normal', variant='normal', weight=400, stretch='normal', size='scalable')) = 2.05
2025-09-11 17:28:31 | DEBUG    | matplotlib.font_manager | font_manager:1515 | findfont: Matching sans\-serif:style=normal:variant=normal:weight=normal:stretch=normal:size=12.0 to DejaVu Sans ('/workspaces/unlearning-research-meta/.venv/lib/python3.11/site-packages/matplotlib/mpl-data/fonts/ttf/DejaVuSans.ttf') with score of 2.050000.
2025-09-11 17:28:32 | DEBUG    | matplotlib.font_manager | font_manager:1471 | findfont: Matching sans\-serif:style=normal:variant=normal:weight=normal:stretch=normal:size=11.0.
2025-09-11 17:28:32 | DEBUG    | matplotlib.font_manager | font_manager:1483 | findfont: score(FontEntry(fname='/workspaces/unlearning-research-meta/.venv/lib/python3.11/site-packages/matplotlib/mpl-data/fonts/ttf/STIXGeneral.ttf', name='STIXGeneral', style='normal', variant='normal', weight=400, stretch='normal', size='scalable')) = 10.05
2025-09-11 17:28:32 | DEBUG    | matplotlib.font_manager | font_manager:1483 | findfont: score(FontEntry(fname='/workspaces/unlearning-research-meta/.venv/lib/python3.11/site-packages/matplotlib/mpl-data/fonts/ttf/DejaVuSans-Bold.ttf', name='DejaVu Sans', style='normal', variant='normal', weight=700, stretch='normal', size='scalable')) = 2.335
2025-09-11 17:28:32 | DEBUG    | matplotlib.font_manager | font_manager:1483 | findfont: score(FontEntry(fname='/workspaces/unlearning-research-meta/.venv/lib/python3.11/site-packages/matplotlib/mpl-data/fonts/ttf/STIXSizThreeSymBol.ttf', name='STIXSizeThreeSym', style='normal', variant='normal', weight=700, stretch='normal', size='scalable')) = 10.335
2025-09-11 17:28:32 | DEBUG    | matplotlib.font_manager | font_manager:1483 | findfont: score(FontEntry(fname='/workspaces/unlearning-research-meta/.venv/lib/python3.11/site-packages/matplotlib/mpl-data/fonts/ttf/STIXGeneralItalic.ttf', name='STIXGeneral', style='italic', variant='normal', weight=400, stretch='normal', size='scalable')) = 11.05
2025-09-11 17:28:32 | DEBUG    | matplotlib.font_manager | font_manager:1483 | findfont: score(FontEntry(fname='/workspaces/unlearning-research-meta/.venv/lib/python3.11/site-packages/matplotlib/mpl-data/fonts/ttf/DejaVuSerif-Italic.ttf', name='DejaVu Serif', style='italic', variant='normal', weight=400, stretch='normal', size='scalable')) = 11.05
2025-09-11 17:28:32 | DEBUG    | matplotlib.font_manager | font_manager:1483 | findfont: score(FontEntry(fname='/workspaces/unlearning-research-meta/.venv/lib/python3.11/site-packages/matplotlib/mpl-data/fonts/ttf/STIXNonUniBol.ttf', name='STIXNonUnicode', style='normal', variant='normal', weight=700, stretch='normal', size='scalable')) = 10.335
2025-09-11 17:28:32 | DEBUG    | matplotlib.font_manager | font_manager:1483 | findfont: score(FontEntry(fname='/workspaces/unlearning-research-meta/.venv/lib/python3.11/site-packages/matplotlib/mpl-data/fonts/ttf/STIXSizTwoSymReg.ttf', name='STIXSizeTwoSym', style='normal', variant='normal', weight=400, stretch='normal', size='scalable')) = 10.05
2025-09-11 17:28:32 | DEBUG    | matplotlib.font_manager | font_manager:1483 | findfont: score(FontEntry(fname='/workspaces/unlearning-research-meta/.venv/lib/python3.11/site-packages/matplotlib/mpl-data/fonts/ttf/STIXNonUni.ttf', name='STIXNonUnicode', style='normal', variant='normal', weight=400, stretch='normal', size='scalable')) = 10.05
2025-09-11 17:28:32 | DEBUG    | matplotlib.font_manager | font_manager:1483 | findfont: score(FontEntry(fname='/workspaces/unlearning-research-meta/.venv/lib/python3.11/site-packages/matplotlib/mpl-data/fonts/ttf/STIXGeneralBol.ttf', name='STIXGeneral', style='normal', variant='normal', weight=700, stretch='normal', size='scalable')) = 10.335
2025-09-11 17:28:32 | DEBUG    | matplotlib.font_manager | font_manager:1483 | findfont: score(FontEntry(fname='/workspaces/unlearning-research-meta/.venv/lib/python3.11/site-packages/matplotlib/mpl-data/fonts/ttf/STIXSizFiveSymReg.ttf', name='STIXSizeFiveSym', style='normal', variant='normal', weight=400, stretch='normal', size='scalable')) = 10.05
2025-09-11 17:28:32 | DEBUG    | matplotlib.font_manager | font_manager:1483 | findfont: score(FontEntry(fname='/workspaces/unlearning-research-meta/.venv/lib/python3.11/site-packages/matplotlib/mpl-data/fonts/ttf/DejaVuSansMono-Oblique.ttf', name='DejaVu Sans Mono', style='oblique', variant='normal', weight=400, stretch='normal', size='scalable')) = 11.05
2025-09-11 17:28:32 | DEBUG    | matplotlib.font_manager | font_manager:1483 | findfont: score(FontEntry(fname='/workspaces/unlearning-research-meta/.venv/lib/python3.11/site-packages/matplotlib/mpl-data/fonts/ttf/DejaVuSansMono-BoldOblique.ttf', name='DejaVu Sans Mono', style='oblique', variant='normal', weight=700, stretch='normal', size='scalable')) = 11.335
2025-09-11 17:28:32 | DEBUG    | matplotlib.font_manager | font_manager:1483 | findfont: score(FontEntry(fname='/workspaces/unlearning-research-meta/.venv/lib/python3.11/site-packages/matplotlib/mpl-data/fonts/ttf/DejaVuSerif.ttf', name='DejaVu Serif', style='normal', variant='normal', weight=400, stretch='normal', size='scalable')) = 10.05
2025-09-11 17:28:32 | DEBUG    | matplotlib.font_manager | font_manager:1483 | findfont: score(FontEntry(fname='/workspaces/unlearning-research-meta/.venv/lib/python3.11/site-packages/matplotlib/mpl-data/fonts/ttf/cmb10.ttf', name='cmb10', style='normal', variant='normal', weight=400, stretch='normal', size='scalable')) = 10.05
2025-09-11 17:28:32 | DEBUG    | matplotlib.font_manager | font_manager:1483 | findfont: score(FontEntry(fname='/workspaces/unlearning-research-meta/.venv/lib/python3.11/site-packages/matplotlib/mpl-data/fonts/ttf/STIXGeneralBolIta.ttf', name='STIXGeneral', style='italic', variant='normal', weight=700, stretch='normal', size='scalable')) = 11.335
2025-09-11 17:28:32 | DEBUG    | matplotlib.font_manager | font_manager:1483 | findfont: score(FontEntry(fname='/workspaces/unlearning-research-meta/.venv/lib/python3.11/site-packages/matplotlib/mpl-data/fonts/ttf/DejaVuSans.ttf', name='DejaVu Sans', style='normal', variant='normal', weight=400, stretch='normal', size='scalable')) = 2.05
2025-09-11 17:28:32 | DEBUG    | matplotlib.font_manager | font_manager:1483 | findfont: score(FontEntry(fname='/workspaces/unlearning-research-meta/.venv/lib/python3.11/site-packages/matplotlib/mpl-data/fonts/ttf/STIXSizOneSymBol.ttf', name='STIXSizeOneSym', style='normal', variant='normal', weight=700, stretch='normal', size='scalable')) = 10.335
2025-09-11 17:28:32 | DEBUG    | matplotlib.font_manager | font_manager:1483 | findfont: score(FontEntry(fname='/workspaces/unlearning-research-meta/.venv/lib/python3.11/site-packages/matplotlib/mpl-data/fonts/ttf/cmmi10.ttf', name='cmmi10', style='normal', variant='normal', weight=400, stretch='normal', size='scalable')) = 10.05
2025-09-11 17:28:32 | DEBUG    | matplotlib.font_manager | font_manager:1483 | findfont: score(FontEntry(fname='/workspaces/unlearning-research-meta/.venv/lib/python3.11/site-packages/matplotlib/mpl-data/fonts/ttf/STIXSizOneSymReg.ttf', name='STIXSizeOneSym', style='normal', variant='normal', weight=400, stretch='normal', size='scalable')) = 10.05
2025-09-11 17:28:32 | DEBUG    | matplotlib.font_manager | font_manager:1483 | findfont: score(FontEntry(fname='/workspaces/unlearning-research-meta/.venv/lib/python3.11/site-packages/matplotlib/mpl-data/fonts/ttf/STIXSizTwoSymBol.ttf', name='STIXSizeTwoSym', style='normal', variant='normal', weight=700, stretch='normal', size='scalable')) = 10.335
2025-09-11 17:28:32 | DEBUG    | matplotlib.font_manager | font_manager:1483 | findfont: score(FontEntry(fname='/workspaces/unlearning-research-meta/.venv/lib/python3.11/site-packages/matplotlib/mpl-data/fonts/ttf/DejaVuSans-BoldOblique.ttf', name='DejaVu Sans', style='oblique', variant='normal', weight=700, stretch='normal', size='scalable')) = 3.335
2025-09-11 17:28:32 | DEBUG    | matplotlib.font_manager | font_manager:1483 | findfont: score(FontEntry(fname='/workspaces/unlearning-research-meta/.venv/lib/python3.11/site-packages/matplotlib/mpl-data/fonts/ttf/STIXSizFourSymReg.ttf', name='STIXSizeFourSym', style='normal', variant='normal', weight=400, stretch='normal', size='scalable')) = 10.05
2025-09-11 17:28:32 | DEBUG    | matplotlib.font_manager | font_manager:1483 | findfont: score(FontEntry(fname='/workspaces/unlearning-research-meta/.venv/lib/python3.11/site-packages/matplotlib/mpl-data/fonts/ttf/STIXSizFourSymBol.ttf', name='STIXSizeFourSym', style='normal', variant='normal', weight=700, stretch='normal', size='scalable')) = 10.335
2025-09-11 17:28:32 | DEBUG    | matplotlib.font_manager | font_manager:1483 | findfont: score(FontEntry(fname='/workspaces/unlearning-research-meta/.venv/lib/python3.11/site-packages/matplotlib/mpl-data/fonts/ttf/cmex10.ttf', name='cmex10', style='normal', variant='normal', weight=400, stretch='normal', size='scalable')) = 10.05
2025-09-11 17:28:32 | DEBUG    | matplotlib.font_manager | font_manager:1483 | findfont: score(FontEntry(fname='/workspaces/unlearning-research-meta/.venv/lib/python3.11/site-packages/matplotlib/mpl-data/fonts/ttf/DejaVuSansMono.ttf', name='DejaVu Sans Mono', style='normal', variant='normal', weight=400, stretch='normal', size='scalable')) = 10.05
2025-09-11 17:28:32 | DEBUG    | matplotlib.font_manager | font_manager:1483 | findfont: score(FontEntry(fname='/workspaces/unlearning-research-meta/.venv/lib/python3.11/site-packages/matplotlib/mpl-data/fonts/ttf/DejaVuSerifDisplay.ttf', name='DejaVu Serif Display', style='normal', variant='normal', weight=400, stretch='normal', size='scalable')) = 10.05
2025-09-11 17:28:32 | DEBUG    | matplotlib.font_manager | font_manager:1483 | findfont: score(FontEntry(fname='/workspaces/unlearning-research-meta/.venv/lib/python3.11/site-packages/matplotlib/mpl-data/fonts/ttf/DejaVuSansMono-Bold.ttf', name='DejaVu Sans Mono', style='normal', variant='normal', weight=700, stretch='normal', size='scalable')) = 10.335
2025-09-11 17:28:32 | DEBUG    | matplotlib.font_manager | font_manager:1483 | findfont: score(FontEntry(fname='/workspaces/unlearning-research-meta/.venv/lib/python3.11/site-packages/matplotlib/mpl-data/fonts/ttf/cmtt10.ttf', name='cmtt10', style='normal', variant='normal', weight=400, stretch='normal', size='scalable')) = 10.05
2025-09-11 17:28:32 | DEBUG    | matplotlib.font_manager | font_manager:1483 | findfont: score(FontEntry(fname='/workspaces/unlearning-research-meta/.venv/lib/python3.11/site-packages/matplotlib/mpl-data/fonts/ttf/cmsy10.ttf', name='cmsy10', style='normal', variant='normal', weight=400, stretch='normal', size='scalable')) = 10.05
2025-09-11 17:28:32 | DEBUG    | matplotlib.font_manager | font_manager:1483 | findfont: score(FontEntry(fname='/workspaces/unlearning-research-meta/.venv/lib/python3.11/site-packages/matplotlib/mpl-data/fonts/ttf/DejaVuSans-Oblique.ttf', name='DejaVu Sans', style='oblique', variant='normal', weight=400, stretch='normal', size='scalable')) = 3.05
2025-09-11 17:28:32 | DEBUG    | matplotlib.font_manager | font_manager:1483 | findfont: score(FontEntry(fname='/workspaces/unlearning-research-meta/.venv/lib/python3.11/site-packages/matplotlib/mpl-data/fonts/ttf/STIXNonUniIta.ttf', name='STIXNonUnicode', style='italic', variant='normal', weight=400, stretch='normal', size='scalable')) = 11.05
2025-09-11 17:28:32 | DEBUG    | matplotlib.font_manager | font_manager:1483 | findfont: score(FontEntry(fname='/workspaces/unlearning-research-meta/.venv/lib/python3.11/site-packages/matplotlib/mpl-data/fonts/ttf/DejaVuSansDisplay.ttf', name='DejaVu Sans Display', style='normal', variant='normal', weight=400, stretch='normal', size='scalable')) = 10.05
2025-09-11 17:28:32 | DEBUG    | matplotlib.font_manager | font_manager:1483 | findfont: score(FontEntry(fname='/workspaces/unlearning-research-meta/.venv/lib/python3.11/site-packages/matplotlib/mpl-data/fonts/ttf/DejaVuSerif-BoldItalic.ttf', name='DejaVu Serif', style='italic', variant='normal', weight=700, stretch='normal', size='scalable')) = 11.335
2025-09-11 17:28:32 | DEBUG    | matplotlib.font_manager | font_manager:1483 | findfont: score(FontEntry(fname='/workspaces/unlearning-research-meta/.venv/lib/python3.11/site-packages/matplotlib/mpl-data/fonts/ttf/DejaVuSerif-Bold.ttf', name='DejaVu Serif', style='normal', variant='normal', weight=700, stretch='normal', size='scalable')) = 10.335
2025-09-11 17:28:32 | DEBUG    | matplotlib.font_manager | font_manager:1483 | findfont: score(FontEntry(fname='/workspaces/unlearning-research-meta/.venv/lib/python3.11/site-packages/matplotlib/mpl-data/fonts/ttf/cmss10.ttf', name='cmss10', style='normal', variant='normal', weight=400, stretch='normal', size='scalable')) = 10.05
2025-09-11 17:28:32 | DEBUG    | matplotlib.font_manager | font_manager:1483 | findfont: score(FontEntry(fname='/workspaces/unlearning-research-meta/.venv/lib/python3.11/site-packages/matplotlib/mpl-data/fonts/ttf/STIXNonUniBolIta.ttf', name='STIXNonUnicode', style='italic', variant='normal', weight=700, stretch='normal', size='scalable')) = 11.335
2025-09-11 17:28:32 | DEBUG    | matplotlib.font_manager | font_manager:1483 | findfont: score(FontEntry(fname='/workspaces/unlearning-research-meta/.venv/lib/python3.11/site-packages/matplotlib/mpl-data/fonts/ttf/STIXSizThreeSymReg.ttf', name='STIXSizeThreeSym', style='normal', variant='normal', weight=400, stretch='normal', size='scalable')) = 10.05
2025-09-11 17:28:32 | DEBUG    | matplotlib.font_manager | font_manager:1483 | findfont: score(FontEntry(fname='/workspaces/unlearning-research-meta/.venv/lib/python3.11/site-packages/matplotlib/mpl-data/fonts/ttf/cmr10.ttf', name='cmr10', style='normal', variant='normal', weight=400, stretch='normal', size='scalable')) = 10.05
2025-09-11 17:28:32 | DEBUG    | matplotlib.font_manager | font_manager:1483 | findfont: score(FontEntry(fname='/usr/share/fonts/truetype/dejavu/DejaVuSans-Bold.ttf', name='DejaVu Sans', style='normal', variant='normal', weight=700, stretch='normal', size='scalable')) = 2.335
2025-09-11 17:28:32 | DEBUG    | matplotlib.font_manager | font_manager:1483 | findfont: score(FontEntry(fname='/usr/share/fonts/truetype/dejavu/DejaVuSansMono.ttf', name='DejaVu Sans Mono', style='normal', variant='normal', weight=400, stretch='normal', size='scalable')) = 10.05
2025-09-11 17:28:32 | DEBUG    | matplotlib.font_manager | font_manager:1483 | findfont: score(FontEntry(fname='/usr/share/fonts/truetype/dejavu/DejaVuSerif-Bold.ttf', name='DejaVu Serif', style='normal', variant='normal', weight=700, stretch='normal', size='scalable')) = 10.335
2025-09-11 17:28:32 | DEBUG    | matplotlib.font_manager | font_manager:1483 | findfont: score(FontEntry(fname='/usr/share/fonts/truetype/dejavu/DejaVuSerif.ttf', name='DejaVu Serif', style='normal', variant='normal', weight=400, stretch='normal', size='scalable')) = 10.05
2025-09-11 17:28:32 | DEBUG    | matplotlib.font_manager | font_manager:1483 | findfont: score(FontEntry(fname='/usr/share/fonts/truetype/dejavu/DejaVuSansMono-Bold.ttf', name='DejaVu Sans Mono', style='normal', variant='normal', weight=700, stretch='normal', size='scalable')) = 10.335
2025-09-11 17:28:32 | DEBUG    | matplotlib.font_manager | font_manager:1483 | findfont: score(FontEntry(fname='/usr/share/fonts/truetype/dejavu/DejaVuSans.ttf', name='DejaVu Sans', style='normal', variant='normal', weight=400, stretch='normal', size='scalable')) = 2.05
2025-09-11 17:28:32 | DEBUG    | matplotlib.font_manager | font_manager:1515 | findfont: Matching sans\-serif:style=normal:variant=normal:weight=normal:stretch=normal:size=11.0 to DejaVu Sans ('/workspaces/unlearning-research-meta/.venv/lib/python3.11/site-packages/matplotlib/mpl-data/fonts/ttf/DejaVuSans.ttf') with score of 2.050000.
          op  nunique     min     max
0  calibrate        1   15000   15000
1     delete        2   12792   13656
2     insert        2  128010  136584
3     warmup        2  133260  142698
op
calibrate             [15000]
delete         [12792, 13656]
insert       [128010, 136584]
warmup       [142698, 133260]
Name: count, dtype: object
/workspaces/unlearning-research-meta/.venv/lib/python3.11/site-packages/seaborn/axisgrid.py:718: UserWarning: Using the stripplot function without specifying `order` is likely to produce an incorrect plot.
  warnings.warn(warning)
/workspaces/unlearning-research-meta/.venv/lib/python3.11/site-packages/seaborn/axisgrid.py:718: UserWarning: Using the boxplot function without specifying `order` is likely to produce an incorrect plot.
  warnings.warn(warning)
grids/params_df shape: (16, 71)
Peek at events (5 rows):
params_df: (16, 71)
/workspaces/unlearning-research-meta/.venv/lib/python3.11/site-packages/pandas/core/nanops.py:1016: RuntimeWarning: invalid value encountered in subtract
  sqr = _ensure_numeric((avg - values) ** 2)
/workspaces/unlearning-research-meta/.venv/lib/python3.11/site-packages/numpy/lib/_function_base_impl.py:4671: RuntimeWarning: invalid value encountered in subtract
  diff_b_a = subtract(b, a)
Parameter summary:
              count unique    top freq      mean  std       min       25%       50%       75%       max
C_hat             0      0    NaN  NaN       NaN  NaN       NaN       NaN       NaN       NaN       NaN
D_bound        16.0    NaN    NaN  NaN       2.0  0.0       2.0       2.0       2.0       2.0       2.0
D_cap          16.0    NaN    NaN  NaN      10.0  0.0      10.0      10.0      10.0      10.0      10.0
D_hat             0      0    NaN  NaN       NaN  NaN       NaN       NaN       NaN       NaN       NaN
G_hat             0      0    NaN  NaN       NaN  NaN       NaN       NaN       NaN       NaN       NaN
...             ...    ...    ...  ...       ...  ...       ...       ...       ...       ...       ...
target_ST      16.0    NaN    NaN  NaN  200000.0  0.0  200000.0  200000.0  200000.0  200000.0  200000.0
target_c       16.0    NaN    NaN  NaN      0.05  0.0      0.05      0.05      0.05      0.05      0.05
target_lambda  16.0    NaN    NaN  NaN      0.05  0.0      0.05      0.05      0.05      0.05      0.05
trim_quantile  16.0    NaN    NaN  NaN      0.95  0.0      0.95      0.95      0.95      0.95      0.95
window_erm       16      1  False   16       NaN  NaN       NaN       NaN       NaN       NaN       NaN

[71 rows x 11 columns]
summary shape: (80, 9)
all_events shape: (100000, 3)
all_events shape: (100000, 3)
all_events shape: (100000, 4)
Grid ID: a08548ddc4b7, shape: (100000, 2)
Grid ID: 8373a8c68445, shape: (100000, 2)
Grid ID: d507ac483ac9, shape: (100000, 2)
Grid ID: 9475b62c1f66, shape: (100000, 2)
Grid ID: a08548ddc4b7, shape: (5000, 3)
Grid ID: 8373a8c68445, shape: (5000, 3)
Grid ID: d507ac483ac9, shape: (5000, 3)
Grid ID: 9475b62c1f66, shape: (5000, 3)
