This is pdfTeX, Version 3.14159265-2.6-1.40.21 (TeX Live 2020/Debian) (preloaded format=pdflatex 2025.7.25)  25 JUL 2025 22:54
entering extended mode
 restricted \write18 enabled.
 file:line:error style messages enabled.
 %&-line parsing enabled.
**/workspaces/unlearning-research-meta/paper/paper.tex
(/workspaces/unlearning-research-meta/paper/paper.tex
LaTeX2e <2020-10-01> patch level 4
L3 programming layer <2021-01-09> xparse <2020-03-03> (/usr/share/texlive/texmf-dist/tex/latex/base/article.cls
Document Class: article 2020/04/10 v1.4m Standard LaTeX document class
(/usr/share/texlive/texmf-dist/tex/latex/base/size12.clo
File: size12.clo 2020/04/10 v1.4m Standard LaTeX file (size option)
)
\c@part=\count177
\c@section=\count178
\c@subsection=\count179
\c@subsubsection=\count180
\c@paragraph=\count181
\c@subparagraph=\count182
\c@figure=\count183
\c@table=\count184
\abovecaptionskip=\skip47
\belowcaptionskip=\skip48
\bibindent=\dimen138
) (/usr/share/texlive/texmf-dist/tex/latex/base/inputenc.sty
Package: inputenc 2020/08/01 v1.3d Input encoding file
\inpenc@prehook=\toks15
\inpenc@posthook=\toks16
) (/usr/share/texlive/texmf-dist/tex/generic/babel/babel.sty
Package: babel 2021/01/26 3.53 The Babel package
 (/usr/share/texlive/texmf-dist/tex/generic/babel/babel.def
File: babel.def 2021/01/26 3.53 Babel common definitions
\babel@savecnt=\count185
\U@D=\dimen139
\l@babelnohyphens=\language3
 (/usr/share/texlive/texmf-dist/tex/generic/babel/txtbabel.def)
\bbl@readstream=\read2
)
\bbl@dirlevel=\count186
 (/usr/share/texlive/texmf-dist/tex/generic/babel-english/english.ldf
Language: english 2017/06/06 v3.3r English support from the babel system
Package babel Info: \l@british = using hyphenrules for english
(babel)             (\language0) on input line 82.
Package babel Info: \l@UKenglish = using hyphenrules for english
(babel)             (\language0) on input line 83.
Package babel Info: \l@canadian = using hyphenrules for english
(babel)             (\language0) on input line 102.
Package babel Info: \l@australian = using hyphenrules for english
(babel)             (\language0) on input line 105.
Package babel Info: \l@newzealand = using hyphenrules for english
(babel)             (\language0) on input line 108.
)) (/workspaces/unlearning-research-meta/paper/algorithm.sty
Package: algorithm 2025/07/25 Minimal algorithm environment


/workspaces/unlearning-research-meta/paper/algorithm.sty:6: LaTeX Error: Missing \begin{document}.

See the LaTeX manual or LaTeX Companion for explanation.
Type  H <return>  for immediate help.
 ...                                              
                                                  
l.6 d
     ef\@algocf@float{%
You're in trouble here.  Try typing  <return>  to proceed.
If that doesn't work, type  X <return>  to quit.

/workspaces/unlearning-research-meta/paper/algorithm.sty:6: Undefined control sequence.
l.6 def\@algocf@float
                     {%
The control sequence at the end of the top line
of your error message was never \def'ed. If you have
misspelled it (e.g., `\hobx'), type `I' and the correct
spelling (e.g., `I\hbox'). Otherwise just continue,
and I'll forget about whatever was undefined.

/workspaces/unlearning-research-meta/paper/algorithm.sty:7: Undefined control sequence.
l.7   \newfloat
               {algorithm}{htbp}{loa}
The control sequence at the end of the top line
of your error message was never \def'ed. If you have
misspelled it (e.g., `\hobx'), type `I' and the correct
spelling (e.g., `I\hbox'). Otherwise just continue,
and I'll forget about whatever was undefined.

/workspaces/unlearning-research-meta/paper/algorithm.sty:8: Undefined control sequence.
l.8   \floatname
                {algorithm}{Algorithm}
The control sequence at the end of the top line
of your error message was never \def'ed. If you have
misspelled it (e.g., `\hobx'), type `I' and the correct
spelling (e.g., `I\hbox'). Otherwise just continue,
and I'll forget about whatever was undefined.

/workspaces/unlearning-research-meta/paper/algorithm.sty:10: Undefined control sequence.
l.10 \@algocf@float
                   
The control sequence at the end of the top line
of your error message was never \def'ed. If you have
misspelled it (e.g., `\hobx'), type `I' and the correct
spelling (e.g., `I\hbox'). Otherwise just continue,
and I'll forget about whatever was undefined.

) (/workspaces/unlearning-research-meta/paper/comment.sty
Package: comment 2025/07/25 Minimal comment package
) (/usr/share/texlive/texmf-dist/tex/latex/amsfonts/amssymb.sty
Package: amssymb 2013/01/14 v3.01 AMS font symbols
 (/usr/share/texlive/texmf-dist/tex/latex/amsfonts/amsfonts.sty
Package: amsfonts 2013/01/14 v3.01 Basic AMSFonts support
\@emptytoks=\toks17
\symAMSa=\mathgroup4
\symAMSb=\mathgroup5
LaTeX Font Info:    Redeclaring math symbol \hbar on input line 98.
LaTeX Font Info:    Overwriting math alphabet `\mathfrak' in version `bold'
(Font)                  U/euf/m/n --> U/euf/b/n on input line 106.
)) (/usr/share/texlive/texmf-dist/tex/latex/amsmath/amsmath.sty
Package: amsmath 2020/09/23 v2.17i AMS math features
\@mathmargin=\skip49

For additional information on amsmath, use the `?' option.
(/usr/share/texlive/texmf-dist/tex/latex/amsmath/amstext.sty
Package: amstext 2000/06/29 v2.01 AMS text
 (/usr/share/texlive/texmf-dist/tex/latex/amsmath/amsgen.sty
File: amsgen.sty 1999/11/30 v2.0 generic functions
\@emptytoks=\toks18
\ex@=\dimen140
)) (/usr/share/texlive/texmf-dist/tex/latex/amsmath/amsbsy.sty
Package: amsbsy 1999/11/29 v1.2d Bold Symbols
\pmbraise@=\dimen141
) (/usr/share/texlive/texmf-dist/tex/latex/amsmath/amsopn.sty
Package: amsopn 2016/03/08 v2.02 operator names
)
\inf@bad=\count187
LaTeX Info: Redefining \frac on input line 234.
\uproot@=\count188
\leftroot@=\count189
LaTeX Info: Redefining \overline on input line 399.
\classnum@=\count190
\DOTSCASE@=\count191
LaTeX Info: Redefining \ldots on input line 496.
LaTeX Info: Redefining \dots on input line 499.
LaTeX Info: Redefining \cdots on input line 620.
\Mathstrutbox@=\box47
\strutbox@=\box48
\big@size=\dimen142
LaTeX Font Info:    Redeclaring font encoding OML on input line 743.
LaTeX Font Info:    Redeclaring font encoding OMS on input line 744.
\macc@depth=\count192
\c@MaxMatrixCols=\count193
\dotsspace@=\muskip16
\c@parentequation=\count194
\dspbrk@lvl=\count195
\tag@help=\toks19
\row@=\count196
\column@=\count197
\maxfields@=\count198
\andhelp@=\toks20
\eqnshift@=\dimen143
\alignsep@=\dimen144
\tagshift@=\dimen145
\tagwidth@=\dimen146
\totwidth@=\dimen147
\lineht@=\dimen148
\@envbody=\toks21
\multlinegap=\skip50
\multlinetaggap=\skip51
\mathdisplay@stack=\toks22
LaTeX Info: Redefining \[ on input line 2923.
LaTeX Info: Redefining \] on input line 2924.
) (/usr/share/texlive/texmf-dist/tex/latex/amscls/amsthm.sty
Package: amsthm 2020/05/29 v2.20.6
\thm@style=\toks23
\thm@bodyfont=\toks24
\thm@headfont=\toks25
\thm@notefont=\toks26
\thm@headpunct=\toks27
\thm@preskip=\skip52
\thm@postskip=\skip53
\thm@headsep=\skip54
\dth@everypar=\toks28
) (/usr/share/texlive/texmf-dist/tex/latex/graphics/graphicx.sty
Package: graphicx 2020/09/09 v1.2b Enhanced LaTeX Graphics (DPC,SPQR)
 (/usr/share/texlive/texmf-dist/tex/latex/graphics/keyval.sty
Package: keyval 2014/10/28 v1.15 key=value parser (DPC)
\KV@toks@=\toks29
) (/usr/share/texlive/texmf-dist/tex/latex/graphics/graphics.sty
Package: graphics 2020/08/30 v1.4c Standard LaTeX Graphics (DPC,SPQR)
 (/usr/share/texlive/texmf-dist/tex/latex/graphics/trig.sty
Package: trig 2016/01/03 v1.10 sin cos tan (DPC)
) (/usr/share/texlive/texmf-dist/tex/latex/graphics-cfg/graphics.cfg
File: graphics.cfg 2016/06/04 v1.11 sample graphics configuration
)
Package graphics Info: Driver file: pdftex.def on input line 105.
 (/usr/share/texlive/texmf-dist/tex/latex/graphics-def/pdftex.def
File: pdftex.def 2020/10/05 v1.2a Graphics/color driver for pdftex
))
\Gin@req@height=\dimen149
\Gin@req@width=\dimen150
)
\c@theorem=\count199
 (/usr/share/texlive/texmf-dist/tex/latex/l3backend/l3backend-pdftex.def
File: l3backend-pdftex.def 2020-01-29 L3 backend support: PDF output (pdfTeX)
\l__color_backend_stack_int=\count266
\l__pdf_internal_box=\box49
) (/workspaces/unlearning-research-meta/paper/paper.aux)
\openout1 = `paper.aux'.

LaTeX Font Info:    Checking defaults for OML/cmm/m/it on input line 17.
LaTeX Font Info:    ... okay on input line 17.
LaTeX Font Info:    Checking defaults for OMS/cmsy/m/n on input line 17.
LaTeX Font Info:    ... okay on input line 17.
LaTeX Font Info:    Checking defaults for OT1/cmr/m/n on input line 17.
LaTeX Font Info:    ... okay on input line 17.
LaTeX Font Info:    Checking defaults for T1/cmr/m/n on input line 17.
LaTeX Font Info:    ... okay on input line 17.
LaTeX Font Info:    Checking defaults for TS1/cmr/m/n on input line 17.
LaTeX Font Info:    ... okay on input line 17.
LaTeX Font Info:    Checking defaults for OMX/cmex/m/n on input line 17.
LaTeX Font Info:    ... okay on input line 17.
LaTeX Font Info:    Checking defaults for U/cmr/m/n on input line 17.
LaTeX Font Info:    ... okay on input line 17.
 (/usr/share/texlive/texmf-dist/tex/context/base/mkii/supp-pdf.mkii
[Loading MPS to PDF converter (version 2006.09.02).]
\scratchcounter=\count267
\scratchdimen=\dimen151
\scratchbox=\box50
\nofMPsegments=\count268
\nofMParguments=\count269
\everyMPshowfont=\toks30
\MPscratchCnt=\count270
\MPscratchDim=\dimen152
\MPnumerator=\count271
\makeMPintoPDFobject=\count272
\everyMPtoPDFconversion=\toks31
) (/usr/share/texlive/texmf-dist/tex/latex/epstopdf-pkg/epstopdf-base.sty
Package: epstopdf-base 2020-01-24 v2.11 Base part for package epstopdf
Package epstopdf-base Info: Redefining graphics rule for `.eps' on input line 485.
 (/usr/share/texlive/texmf-dist/tex/latex/latexconfig/epstopdf-sys.cfg
File: epstopdf-sys.cfg 2010/07/13 v1.3 Configuration of (r)epstopdf for TeX Live
))
LaTeX Font Info:    Trying to load font information for U+msa on input line 21.
 (/usr/share/texlive/texmf-dist/tex/latex/amsfonts/umsa.fd
File: umsa.fd 2013/01/14 v3.01 AMS symbols A
)
LaTeX Font Info:    Trying to load font information for U+msb on input line 21.
 (/usr/share/texlive/texmf-dist/tex/latex/amsfonts/umsb.fd
File: umsb.fd 2013/01/14 v3.01 AMS symbols B
)
Overfull \hbox (1.53816pt too wide) in paragraph at lines 43--44
\OT1/cmr/m/n/12 per-forms an $\OML/cmm/m/it/12 O\OT1/cmr/m/n/12 (\OML/cmm/m/it/12 d\OT1/cmr/m/n/12 )$ up-date in micro-seconds, main-tain-ing only lightweight
 []


Overfull \vbox (297.77063pt too high) has occurred while \output is active []

 [1

{/var/lib/texmf/fonts/map/pdftex/updmap/pdftex.map}] [2]

LaTeX Font Warning: Font shape `OT1/cmr/m/scit' undefined
(Font)              using `OT1/cmr/m/sc' instead on input line 101.


LaTeX Font Warning: Font shape `OT1/cmr/m/scit' undefined
(Font)              using `OT1/cmr/m/sc' instead on input line 101.


LaTeX Font Warning: Font shape `OT1/cmr/m/scit' undefined
(Font)              using `OT1/cmr/m/sc' instead on input line 115.

[3] [4]

/workspaces/unlearning-research-meta/paper/paper.tex:149: LaTeX Error: Environment algorithm undefined.

See the LaTeX manual or LaTeX Companion for explanation.
Type  H <return>  for immediate help.
 ...                                              
                                                  
l.149 \begin{algorithm}
                       
Your command was ignored.
Type  I <command> <return>  to replace it with another command,
or  <return>  to continue without it.


/workspaces/unlearning-research-meta/paper/paper.tex:150: LaTeX Error: \caption outside float.

See the LaTeX manual or LaTeX Companion for explanation.
Type  H <return>  for immediate help.
 ...                                              
                                                  
l.150 \caption
              {Memory Pair Insertion}\label{alg:insertion}
You're in trouble here.  Try typing  <return>  to proceed.
If that doesn't work, type  X <return>  to quit.


/workspaces/unlearning-research-meta/paper/paper.tex:151: LaTeX Error: Environment algorithmic undefined.

See the LaTeX manual or LaTeX Companion for explanation.
Type  H <return>  for immediate help.
 ...                                              
                                                  
l.151 \begin{algorithmic}
                         
Your command was ignored.
Type  I <command> <return>  to replace it with another command,
or  <return>  to continue without it.

/workspaces/unlearning-research-meta/paper/paper.tex:152: Undefined control sequence.
l.152 \Require
               New data point $(x, y)$, Model state $(\theta, \text{lbfgs})$
The control sequence at the end of the top line
of your error message was never \def'ed. If you have
misspelled it (e.g., `\hobx'), type `I' and the correct
spelling (e.g., `I\hbox'). Otherwise just continue,
and I'll forget about whatever was undefined.

/workspaces/unlearning-research-meta/paper/paper.tex:153: Undefined control sequence.
l.153 \State
             $g_{\text{old}} \gets \nabla_{\theta} \mathcal{L}(\theta; x, y)$
The control sequence at the end of the top line
of your error message was never \def'ed. If you have
misspelled it (e.g., `\hobx'), type `I' and the correct
spelling (e.g., `I\hbox'). Otherwise just continue,
and I'll forget about whatever was undefined.

/workspaces/unlearning-research-meta/paper/paper.tex:154: Undefined control sequence.
l.154 \Comment
              {Compute gradient at current parameters}
The control sequence at the end of the top line
of your error message was never \def'ed. If you have
misspelled it (e.g., `\hobx'), type `I' and the correct
spelling (e.g., `I\hbox'). Otherwise just continue,
and I'll forget about whatever was undefined.

/workspaces/unlearning-research-meta/paper/paper.tex:155: Undefined control sequence.
l.155 \State
             $d \gets \text{lbfgs.direction}(g_{\text{old}})$
The control sequence at the end of the top line
of your error message was never \def'ed. If you have
misspelled it (e.g., `\hobx'), type `I' and the correct
spelling (e.g., `I\hbox'). Otherwise just continue,
and I'll forget about whatever was undefined.

/workspaces/unlearning-research-meta/paper/paper.tex:156: Undefined control sequence.
l.156 \Comment
              {Compute quasi-Newton direction}
The control sequence at the end of the top line
of your error message was never \def'ed. If you have
misspelled it (e.g., `\hobx'), type `I' and the correct
spelling (e.g., `I\hbox'). Otherwise just continue,
and I'll forget about whatever was undefined.

/workspaces/unlearning-research-meta/paper/paper.tex:157: Undefined control sequence.
l.157 \State
             $\theta_{\text{new}} \gets \theta + \alpha d$
The control sequence at the end of the top line
of your error message was never \def'ed. If you have
misspelled it (e.g., `\hobx'), type `I' and the correct
spelling (e.g., `I\hbox'). Otherwise just continue,
and I'll forget about whatever was undefined.

/workspaces/unlearning-research-meta/paper/paper.tex:158: Undefined control sequence.
l.158 \Comment
              {Update parameters with learning rate $\alpha$}
The control sequence at the end of the top line
of your error message was never \def'ed. If you have
misspelled it (e.g., `\hobx'), type `I' and the correct
spelling (e.g., `I\hbox'). Otherwise just continue,
and I'll forget about whatever was undefined.

/workspaces/unlearning-research-meta/paper/paper.tex:159: Undefined control sequence.
l.159 \State
            
The control sequence at the end of the top line
of your error message was never \def'ed. If you have
misspelled it (e.g., `\hobx'), type `I' and the correct
spelling (e.g., `I\hbox'). Otherwise just continue,
and I'll forget about whatever was undefined.

/workspaces/unlearning-research-meta/paper/paper.tex:160: Undefined control sequence.
l.160 \State
             $s \gets \theta_{\text{new}} - \theta$
The control sequence at the end of the top line
of your error message was never \def'ed. If you have
misspelled it (e.g., `\hobx'), type `I' and the correct
spelling (e.g., `I\hbox'). Otherwise just continue,
and I'll forget about whatever was undefined.

/workspaces/unlearning-research-meta/paper/paper.tex:161: Undefined control sequence.
l.161 \Comment
              {Compute change in parameters}
The control sequence at the end of the top line
of your error message was never \def'ed. If you have
misspelled it (e.g., `\hobx'), type `I' and the correct
spelling (e.g., `I\hbox'). Otherwise just continue,
and I'll forget about whatever was undefined.

/workspaces/unlearning-research-meta/paper/paper.tex:162: Undefined control sequence.
l.162 \State
             $\theta \gets \theta_{\text{new}}$
The control sequence at the end of the top line
of your error message was never \def'ed. If you have
misspelled it (e.g., `\hobx'), type `I' and the correct
spelling (e.g., `I\hbox'). Otherwise just continue,
and I'll forget about whatever was undefined.

/workspaces/unlearning-research-meta/paper/paper.tex:163: Undefined control sequence.
l.163 \Comment
              {Commit the parameter update}
The control sequence at the end of the top line
of your error message was never \def'ed. If you have
misspelled it (e.g., `\hobx'), type `I' and the correct
spelling (e.g., `I\hbox'). Otherwise just continue,
and I'll forget about whatever was undefined.

/workspaces/unlearning-research-meta/paper/paper.tex:164: Undefined control sequence.
l.164 \State
             $g_{\text{new}} \gets \nabla_{\theta} \mathcal{L}(\theta; x, y)$
The control sequence at the end of the top line
of your error message was never \def'ed. If you have
misspelled it (e.g., `\hobx'), type `I' and the correct
spelling (e.g., `I\hbox'). Otherwise just continue,
and I'll forget about whatever was undefined.

/workspaces/unlearning-research-meta/paper/paper.tex:165: Undefined control sequence.
l.165 \Comment
              {Compute gradient at new parameters}
The control sequence at the end of the top line
of your error message was never \def'ed. If you have
misspelled it (e.g., `\hobx'), type `I' and the correct
spelling (e.g., `I\hbox'). Otherwise just continue,
and I'll forget about whatever was undefined.

/workspaces/unlearning-research-meta/paper/paper.tex:166: Undefined control sequence.
l.166 \State
             $y_{\text{vec}} \gets g_{\text{new}} - g_{\text{old}}$
The control sequence at the end of the top line
of your error message was never \def'ed. If you have
misspelled it (e.g., `\hobx'), type `I' and the correct
spelling (e.g., `I\hbox'). Otherwise just continue,
and I'll forget about whatever was undefined.

/workspaces/unlearning-research-meta/paper/paper.tex:167: Undefined control sequence.
l.167 \Comment
              {Compute change in gradient}
The control sequence at the end of the top line
of your error message was never \def'ed. If you have
misspelled it (e.g., `\hobx'), type `I' and the correct
spelling (e.g., `I\hbox'). Otherwise just continue,
and I'll forget about whatever was undefined.

/workspaces/unlearning-research-meta/paper/paper.tex:168: Undefined control sequence.
l.168 \State
            
The control sequence at the end of the top line
of your error message was never \def'ed. If you have
misspelled it (e.g., `\hobx'), type `I' and the correct
spelling (e.g., `I\hbox'). Otherwise just continue,
and I'll forget about whatever was undefined.

/workspaces/unlearning-research-meta/paper/paper.tex:169: Undefined control sequence.
l.169 \State
             $\text{lbfgs.add\_pair}(s, y_{\text{vec}})$
The control sequence at the end of the top line
of your error message was never \def'ed. If you have
misspelled it (e.g., `\hobx'), type `I' and the correct
spelling (e.g., `I\hbox'). Otherwise just continue,
and I'll forget about whatever was undefined.

/workspaces/unlearning-research-meta/paper/paper.tex:170: Undefined control sequence.
l.170 \Comment
              {Update L-BFGS curvature memory}
The control sequence at the end of the top line
of your error message was never \def'ed. If you have
misspelled it (e.g., `\hobx'), type `I' and the correct
spelling (e.g., `I\hbox'). Otherwise just continue,
and I'll forget about whatever was undefined.


/workspaces/unlearning-research-meta/paper/paper.tex:171: LaTeX Error: \begin{document} ended by \end{algorithmic}.

See the LaTeX manual or LaTeX Companion for explanation.
Type  H <return>  for immediate help.
 ...                                              
                                                  
l.171 \end{algorithmic}
                       
Your command was ignored.
Type  I <command> <return>  to replace it with another command,
or  <return>  to continue without it.


/workspaces/unlearning-research-meta/paper/paper.tex:172: LaTeX Error: \begin{document} ended by \end{algorithm}.

See the LaTeX manual or LaTeX Companion for explanation.
Type  H <return>  for immediate help.
 ...                                              
                                                  
l.172 \end{algorithm}
                     
Your command was ignored.
Type  I <command> <return>  to replace it with another command,
or  <return>  to continue without it.


Overfull \hbox (39.9289pt too wide) in paragraph at lines 150--173
\OML/cmm/m/it/12 g[] \OMS/cmsy/m/n/12   r[]L\OT1/cmr/m/n/12 (\OML/cmm/m/it/12 ^^R\OT1/cmr/m/n/12 ; \OML/cmm/m/it/12 x; y\OT1/cmr/m/n/12 )$ Com-pute gra-di-ent at cur-rent pa-ram-e-ters $\OML/cmm/m/it/12 d \OMS/cmsy/m/n/12   []\OT1/cmr/m/n/12 (\OML/cmm/m/it/12 g[]\OT1/cmr/m/n/12 )$
 []

[5]

/workspaces/unlearning-research-meta/paper/paper.tex:182: LaTeX Error: Environment algorithm undefined.

See the LaTeX manual or LaTeX Companion for explanation.
Type  H <return>  for immediate help.
 ...                                              
                                                  
l.182 \begin{algorithm}
                       
Your command was ignored.
Type  I <command> <return>  to replace it with another command,
or  <return>  to continue without it.


/workspaces/unlearning-research-meta/paper/paper.tex:183: LaTeX Error: \caption outside float.

See the LaTeX manual or LaTeX Companion for explanation.
Type  H <return>  for immediate help.
 ...                                              
                                                  
l.183 \caption
              {Memory Pair Deletion}\label{alg:deletion}
You're in trouble here.  Try typing  <return>  to proceed.
If that doesn't work, type  X <return>  to quit.


/workspaces/unlearning-research-meta/paper/paper.tex:184: LaTeX Error: Environment algorithmic undefined.

See the LaTeX manual or LaTeX Companion for explanation.
Type  H <return>  for immediate help.
 ...                                              
                                                  
l.184 \begin{algorithmic}
                         
Your command was ignored.
Type  I <command> <return>  to replace it with another command,
or  <return>  to continue without it.

/workspaces/unlearning-research-meta/paper/paper.tex:185: Undefined control sequence.
l.185 \Require
               Data point to delete $(x, y)$, Model state $(\theta, \text{lb...
The control sequence at the end of the top line
of your error message was never \def'ed. If you have
misspelled it (e.g., `\hobx'), type `I' and the correct
spelling (e.g., `I\hbox'). Otherwise just continue,
and I'll forget about whatever was undefined.

/workspaces/unlearning-research-meta/paper/paper.tex:186: Undefined control sequence.
l.186 \If
         {$\text{deletions\_so\_far} \geq K$ \textbf{or} len(lbfgs) == 0}
The control sequence at the end of the top line
of your error message was never \def'ed. If you have
misspelled it (e.g., `\hobx'), type `I' and the correct
spelling (e.g., `I\hbox'). Otherwise just continue,
and I'll forget about whatever was undefined.

/workspaces/unlearning-research-meta/paper/paper.tex:187: Undefined control sequence.
l.187 \State
             \textbf{raise} RuntimeError
The control sequence at the end of the top line
of your error message was never \def'ed. If you have
misspelled it (e.g., `\hobx'), type `I' and the correct
spelling (e.g., `I\hbox'). Otherwise just continue,
and I'll forget about whatever was undefined.

/workspaces/unlearning-research-meta/paper/paper.tex:188: Undefined control sequence.
l.188 \EndIf
            
The control sequence at the end of the top line
of your error message was never \def'ed. If you have
misspelled it (e.g., `\hobx'), type `I' and the correct
spelling (e.g., `I\hbox'). Otherwise just continue,
and I'll forget about whatever was undefined.

/workspaces/unlearning-research-meta/paper/paper.tex:189: Undefined control sequence.
l.189 \State
            
The control sequence at the end of the top line
of your error message was never \def'ed. If you have
misspelled it (e.g., `\hobx'), type `I' and the correct
spelling (e.g., `I\hbox'). Otherwise just continue,
and I'll forget about whatever was undefined.

/workspaces/unlearning-research-meta/paper/paper.tex:190: Undefined control sequence.
l.190 \State
             $g \gets \nabla_{\theta} \mathcal{L}(\theta; x, y)$
The control sequence at the end of the top line
of your error message was never \def'ed. If you have
misspelled it (e.g., `\hobx'), type `I' and the correct
spelling (e.g., `I\hbox'). Otherwise just continue,
and I'll forget about whatever was undefined.

/workspaces/unlearning-research-meta/paper/paper.tex:191: Undefined control sequence.
l.191 \Comment
              {Compute gradient of the point to unlearn}
The control sequence at the end of the top line
of your error message was never \def'ed. If you have
misspelled it (e.g., `\hobx'), type `I' and the correct
spelling (e.g., `I\hbox'). Otherwise just continue,
and I'll forget about whatever was undefined.

/workspaces/unlearning-research-meta/paper/paper.tex:192: Undefined control sequence.
l.192 \State
             $d \gets \text{lbfgs.direction}(g)$
The control sequence at the end of the top line
of your error message was never \def'ed. If you have
misspelled it (e.g., `\hobx'), type `I' and the correct
spelling (e.g., `I\hbox'). Otherwise just continue,
and I'll forget about whatever was undefined.

/workspaces/unlearning-research-meta/paper/paper.tex:193: Undefined control sequence.
l.193 \State
             $\theta \gets \theta - d$
The control sequence at the end of the top line
of your error message was never \def'ed. If you have
misspelled it (e.g., `\hobx'), type `I' and the correct
spelling (e.g., `I\hbox'). Otherwise just continue,
and I'll forget about whatever was undefined.

/workspaces/unlearning-research-meta/paper/paper.tex:194: Undefined control sequence.
l.194 \Comment
              {Remove the approximate influence}
The control sequence at the end of the top line
of your error message was never \def'ed. If you have
misspelled it (e.g., `\hobx'), type `I' and the correct
spelling (e.g., `I\hbox'). Otherwise just continue,
and I'll forget about whatever was undefined.

/workspaces/unlearning-research-meta/paper/paper.tex:195: Undefined control sequence.
l.195 \State
            
The control sequence at the end of the top line
of your error message was never \def'ed. If you have
misspelled it (e.g., `\hobx'), type `I' and the correct
spelling (e.g., `I\hbox'). Otherwise just continue,
and I'll forget about whatever was undefined.

/workspaces/unlearning-research-meta/paper/paper.tex:196: Undefined control sequence.
l.196 \State
             $\text{sensitivity} \gets \|d\|_2$
The control sequence at the end of the top line
of your error message was never \def'ed. If you have
misspelled it (e.g., `\hobx'), type `I' and the correct
spelling (e.g., `I\hbox'). Otherwise just continue,
and I'll forget about whatever was undefined.

/workspaces/unlearning-research-meta/paper/paper.tex:197: Undefined control sequence.
l.197 \State
             $\sigma \gets \frac{\text{sensitivity} \cdot \sqrt{2 \ln(1.25 /...
The control sequence at the end of the top line
of your error message was never \def'ed. If you have
misspelled it (e.g., `\hobx'), type `I' and the correct
spelling (e.g., `I\hbox'). Otherwise just continue,
and I'll forget about whatever was undefined.

/workspaces/unlearning-research-meta/paper/paper.tex:198: Undefined control sequence.
l.198 \Comment
              {Calibrate noise}
The control sequence at the end of the top line
of your error message was never \def'ed. If you have
misspelled it (e.g., `\hobx'), type `I' and the correct
spelling (e.g., `I\hbox'). Otherwise just continue,
and I'll forget about whatever was undefined.

/workspaces/unlearning-research-meta/paper/paper.tex:199: Undefined control sequence.
l.199 \State
             $\eta \sim \mathcal{N}(0, \sigma^2 I_d)$
The control sequence at the end of the top line
of your error message was never \def'ed. If you have
misspelled it (e.g., `\hobx'), type `I' and the correct
spelling (e.g., `I\hbox'). Otherwise just continue,
and I'll forget about whatever was undefined.

/workspaces/unlearning-research-meta/paper/paper.tex:200: Undefined control sequence.
l.200 \State
             $\theta \gets \theta + \eta$
The control sequence at the end of the top line
of your error message was never \def'ed. If you have
misspelled it (e.g., `\hobx'), type `I' and the correct
spelling (e.g., `I\hbox'). Otherwise just continue,
and I'll forget about whatever was undefined.

/workspaces/unlearning-research-meta/paper/paper.tex:201: Undefined control sequence.
l.201 \Comment
              {Inject noise to ensure unlearning guarantee}
The control sequence at the end of the top line
of your error message was never \def'ed. If you have
misspelled it (e.g., `\hobx'), type `I' and the correct
spelling (e.g., `I\hbox'). Otherwise just continue,
and I'll forget about whatever was undefined.

/workspaces/unlearning-research-meta/paper/paper.tex:202: Undefined control sequence.
l.202 \State
            
The control sequence at the end of the top line
of your error message was never \def'ed. If you have
misspelled it (e.g., `\hobx'), type `I' and the correct
spelling (e.g., `I\hbox'). Otherwise just continue,
and I'll forget about whatever was undefined.

/workspaces/unlearning-research-meta/paper/paper.tex:203: Undefined control sequence.
l.203 \State
             $\epsilon_{\text{spent}} \gets \epsilon_{\text{spent}} + \epsil...
The control sequence at the end of the top line
of your error message was never \def'ed. If you have
misspelled it (e.g., `\hobx'), type `I' and the correct
spelling (e.g., `I\hbox'). Otherwise just continue,
and I'll forget about whatever was undefined.

/workspaces/unlearning-research-meta/paper/paper.tex:204: Undefined control sequence.
l.204 \Comment
              {Update privacy odometer}
The control sequence at the end of the top line
of your error message was never \def'ed. If you have
misspelled it (e.g., `\hobx'), type `I' and the correct
spelling (e.g., `I\hbox'). Otherwise just continue,
and I'll forget about whatever was undefined.

/workspaces/unlearning-research-meta/paper/paper.tex:205: Undefined control sequence.
l.205 \State
             $\text{deletions\_so\_far} \gets \text{deletions\_so\_far} + 1$
The control sequence at the end of the top line
of your error message was never \def'ed. If you have
misspelled it (e.g., `\hobx'), type `I' and the correct
spelling (e.g., `I\hbox'). Otherwise just continue,
and I'll forget about whatever was undefined.


/workspaces/unlearning-research-meta/paper/paper.tex:207: LaTeX Error: \begin{document} ended by \end{algorithmic}.

See the LaTeX manual or LaTeX Companion for explanation.
Type  H <return>  for immediate help.
 ...                                              
                                                  
l.207 \end{algorithmic}
                       
Your command was ignored.
Type  I <command> <return>  to replace it with another command,
or  <return>  to continue without it.


/workspaces/unlearning-research-meta/paper/paper.tex:208: LaTeX Error: \begin{document} ended by \end{algorithm}.

See the LaTeX manual or LaTeX Companion for explanation.
Type  H <return>  for immediate help.
 ...                                              
                                                  
l.208 \end{algorithm}
                     
Your command was ignored.
Type  I <command> <return>  to replace it with another command,
or  <return>  to continue without it.


Overfull \hbox (2.70703pt too wide) in paragraph at lines 217--219
\OT1/cmr/m/n/12 This ap-por-tion-ment en-sures that the cu-mu-la-tive pri-vacy loss re-mains bounded
 []


Overfull \hbox (22.45819pt too wide) in paragraph at lines 220--221
[]\OT1/cmr/m/n/12 The frame-work acts as ac-coun-tant by track-ing two met-rics: \OT1/cmtt/m/n/12 deletions[]so[]far
 []

[6]
Overfull \hbox (9.30574pt too wide) in paragraph at lines 237--238
\OT1/cmr/bx/n/12 Assumption 5.1 \OT1/cmr/m/n/12 (L-Bounded Gra-di-ents)\OT1/cmr/bx/n/12 . \OT1/cmr/m/it/12 The loss func-tion $\OMS/cmsy/m/n/12 L\OT1/cmr/m/n/12 (\OML/cmm/m/it/12 ^^R\OT1/cmr/m/n/12 ; \OML/cmm/m/it/12 z\OT1/cmr/m/n/12 ) = [](\OML/cmm/m/it/12 ^^R[]x \OMS/cmsy/m/n/12 ^^@
 []

[7]

LaTeX Warning: Reference `alg:deletion' on page 8 undefined on input line 259.


LaTeX Warning: Reference `assum:lipschitz' on page 8 undefined on input line 271.


LaTeX Warning: Reference `assum:lipschitz' on page 8 undefined on input line 289.


LaTeX Warning: Reference `def:memory-pair' on page 8 undefined on input line 297.

[8]
Overfull \hbox (58.59793pt too wide) detected at line 316
\OML/cmm/m/it/12 R[]  \OT1/cmr/m/n/12 =  [][]\OML/cmm/m/it/12 `[]\OT1/cmr/m/n/12 (\OML/cmm/m/it/12 w[]\OT1/cmr/m/n/12 ) \OMS/cmsy/m/n/12 ^^@ \OML/cmm/m/it/12 `[]\OT1/cmr/m/n/12 (\OML/cmm/m/it/12 w[]\OT1/cmr/m/n/12 )[]  \OMS/cmsy/m/n/12 ^^T  \OML/cmm/m/it/12 GD[]  \OT1/cmr/m/n/12 +  [] [] []\OML/cmm/m/it/12 ;
 []


LaTeX Warning: Reference `thm:regret-lbfgs' on page 9 undefined on input line 319.


LaTeX Warning: Reference `thm:gaussian' on page 9 undefined on input line 330.


LaTeX Warning: Reference `def:memory-pair' on page 9 undefined on input line 335.


Overfull \hbox (7.06625pt too wide) in paragraph at lines 327--336
\OT1/cmr/m/n/12 (\OML/cmm/m/it/12 m"[];  m^^N[]\OT1/cmr/m/n/12 )$[]DP, i.e. $(\OML/cmm/m/it/12 "[]; ^^N[]\OT1/cmr/m/n/12 )$[]DP, which co-in-cides with the online[]unlearning
 []


LaTeX Warning: Reference `thm:regret-lbfgs' on page 9 undefined on input line 343.

[9]

LaTeX Warning: Reference `assum:online-setting' on page 10 undefined on input line 391.


LaTeX Warning: Reference `lem:eigenvalue-bound' on page 10 undefined on input line 391.

[10]

LaTeX Warning: Reference `lem:eigenvalue-bound' on page 11 undefined on input line 424.


LaTeX Warning: Reference `assum:online-setting' on page 11 undefined on input line 424.


LaTeX Warning: Reference `eq:per_round_bound' on page 11 undefined on input line 431.

[11]

LaTeX Warning: Reference `fig:enter-label' on page 12 undefined on input line 456.


Overfull \hbox (1.33621pt too wide) in paragraph at lines 458--459
[]\OT1/cmr/m/n/12 The re-sult-ing slope of ap-prox-i-mately $0\OML/cmm/m/it/12 :\OT1/cmr/m/n/12 0016$ sug-gests that the per-iteration
 []

<rotmnist_drift_memorypair_loglog_fit.png, id=58, 722.7pt x 433.62pt>
File: rotmnist_drift_memorypair_loglog_fit.png Graphic file (type png)
<use rotmnist_drift_memorypair_loglog_fit.png>
Package pdftex.def Info: rotmnist_drift_memorypair_loglog_fit.png  used on input line 464.
(pdftex.def)             Requested size: 390.0pt x 233.99913pt.

LaTeX Warning: Reference `assum:bounded-hessian' on page 12 undefined on input line 478.

[12] [13 </workspaces/unlearning-research-meta/paper/rotmnist_drift_memorypair_loglog_fit.png>]

LaTeX Warning: Reference `assum:bounded-hessian' on page 14 undefined on input line 495.


LaTeX Warning: Reference `assum:bounded-hessian' on page 14 undefined on input line 504.


LaTeX Warning: Reference `assum:bounded-hessian' on page 14 undefined on input line 522.


LaTeX Warning: Reference `lem:trace-det-bound' on page 14 undefined on input line 530.

[14]

LaTeX Warning: Reference `lem:trace-det-bound' on page 15 undefined on input line 532.


LaTeX Warning: Reference `lem:trace-det-bound' on page 15 undefined on input line 534.


LaTeX Warning: Reference `lem:eigenvalue-bound' on page 15 undefined on input line 554.


LaTeX Warning: Reference `assum:online-setting' on page 15 undefined on input line 554.


LaTeX Warning: Reference `eq:per_round_bound' on page 15 undefined on input line 559.

[15] [16] (/workspaces/unlearning-research-meta/paper/paper.aux)

LaTeX Warning: There were undefined references.


LaTeX Warning: Label(s) may have changed. Rerun to get cross-references right.

 ) 
Here is how much of TeX's memory you used:
 3310 strings out of 481252
 45313 string characters out of 5915888
 342267 words of memory out of 5000000
 20208 multiletter control sequences out of 15000+600000
 414452 words of font info for 67 fonts, out of 8000000 for 9000
 14 hyphenation exceptions out of 8191
 68i,11n,74p,903b,278s stack positions out of 5000i,500n,10000p,200000b,80000s
 </home/vscode/.texlive2020/texmf-var/fonts/pk/ljfour/jknappen/ec/tcrm1200.600pk></usr/share/texlive/texmf-dist/fonts/type1/public/amsfonts/cm/cmbx10.pfb></usr/share/texlive/texmf-dist/fonts/type1/public/amsfonts/cm/cmbx12.pfb></usr/share/texlive/texmf-dist/fonts/type1/public/amsfonts/cm/cmbxti10.pfb></usr/share/texlive/texmf-dist/fonts/type1/public/amsfonts/cm/cmcsc10.pfb></usr/share/texlive/texmf-dist/fonts/type1/public/amsfonts/cm/cmex10.pfb></usr/share/texlive/texmf-dist/fonts/type1/public/amsfonts/cm/cmmi10.pfb></usr/share/texlive/texmf-dist/fonts/type1/public/amsfonts/cm/cmmi12.pfb></usr/share/texlive/texmf-dist/fonts/type1/public/amsfonts/cm/cmmi6.pfb></usr/share/texlive/texmf-dist/fonts/type1/public/amsfonts/cm/cmmi8.pfb></usr/share/texlive/texmf-dist/fonts/type1/public/amsfonts/cm/cmr10.pfb></usr/share/texlive/texmf-dist/fonts/type1/public/amsfonts/cm/cmr12.pfb></usr/share/texlive/texmf-dist/fonts/type1/public/amsfonts/cm/cmr6.pfb></usr/share/texlive/texmf-dist/fonts/type1/public/amsfonts/cm/cmr8.pfb></usr/share/texlive/texmf-dist/fonts/type1/public/amsfonts/cm/cmsy10.pfb></usr/share/texlive/texmf-dist/fonts/type1/public/amsfonts/cm/cmsy6.pfb></usr/share/texlive/texmf-dist/fonts/type1/public/amsfonts/cm/cmsy8.pfb></usr/share/texlive/texmf-dist/fonts/type1/public/amsfonts/cm/cmti12.pfb></usr/share/texlive/texmf-dist/fonts/type1/public/amsfonts/cm/cmti8.pfb></usr/share/texlive/texmf-dist/fonts/type1/public/amsfonts/cm/cmtt10.pfb></usr/share/texlive/texmf-dist/fonts/type1/public/amsfonts/cm/cmtt12.pfb></usr/share/texlive/texmf-dist/fonts/type1/public/amsfonts/symbols/msbm10.pfb>
Output written on /workspaces/unlearning-research-meta/paper/paper.pdf (16 pages, 318924 bytes).
PDF statistics:
 149 PDF objects out of 1000 (max. 8388607)
 105 compressed objects within 2 object streams
 0 named destinations out of 1000 (max. 500000)
 6 words of extra memory for PDF output out of 10000 (max. 10000000)

